The target system is: Retro68 - 1 - 
The host system is: Darwin - 18.7.0 - x86_64
Compiling the C compiler identification source file "CMakeCCompilerId.c" succeeded.
Compiler: /Users/g/Documents/retro68/Retro68-build/toolchain/bin/m68k-apple-macos-gcc 
Build flags: 
Id flags:  

The output was:
0


Compilation of the C compiler identification source "CMakeCCompilerId.c" produced "a.out"

Compilation of the C compiler identification source "CMakeCCompilerId.c" produced "a.out.gdb"

The C compiler identification is GNU, found in "/Users/g/Documents/retro68/Retro68/Samples/lua-mac68k/build/CMakeFiles/3.17.0/CompilerIdC/a.out.gdb"

Compiling the CXX compiler identification source file "CMakeCXXCompilerId.cpp" succeeded.
Compiler: /Users/g/Documents/retro68/Retro68-build/toolchain/bin/m68k-apple-macos-g++ 
Build flags: 
Id flags:  

The output was:
0


Compilation of the CXX compiler identification source "CMakeCXXCompilerId.cpp" produced "a.out"

Compilation of the CXX compiler identification source "CMakeCXXCompilerId.cpp" produced "a.out.gdb"

The CXX compiler identification is GNU, found in "/Users/g/Documents/retro68/Retro68/Samples/lua-mac68k/build/CMakeFiles/3.17.0/CompilerIdCXX/a.out.gdb"

Determining if the C compiler works passed with the following output:
Change Dir: /Users/g/Documents/retro68/Retro68/Samples/lua-mac68k/build/CMakeFiles/CMakeTmp

Run Build Command(s):/usr/bin/make cmTC_ef61c/fast && /Applications/Xcode.app/Contents/Developer/usr/bin/make -f CMakeFiles/cmTC_ef61c.dir/build.make CMakeFiles/cmTC_ef61c.dir/build
Building C object CMakeFiles/cmTC_ef61c.dir/testCCompiler.c.obj
/Users/g/Documents/retro68/Retro68-build/toolchain/bin/m68k-apple-macos-gcc    -o CMakeFiles/cmTC_ef61c.dir/testCCompiler.c.obj   -c /Users/g/Documents/retro68/Retro68/Samples/lua-mac68k/build/CMakeFiles/CMakeTmp/testCCompiler.c
Linking C executable cmTC_ef61c
/usr/local/Cellar/cmake/3.17.0_1/bin/cmake -E cmake_link_script CMakeFiles/cmTC_ef61c.dir/link.txt --verbose=1
/Users/g/Documents/retro68/Retro68-build/toolchain/bin/m68k-apple-macos-gcc      CMakeFiles/cmTC_ef61c.dir/testCCompiler.c.obj  -o cmTC_ef61c 



Detecting C compiler ABI info compiled with the following output:
Change Dir: /Users/g/Documents/retro68/Retro68/Samples/lua-mac68k/build/CMakeFiles/CMakeTmp

Run Build Command(s):/usr/bin/make cmTC_d695c/fast && /Applications/Xcode.app/Contents/Developer/usr/bin/make -f CMakeFiles/cmTC_d695c.dir/build.make CMakeFiles/cmTC_d695c.dir/build
Building C object CMakeFiles/cmTC_d695c.dir/CMakeCCompilerABI.c.obj
/Users/g/Documents/retro68/Retro68-build/toolchain/bin/m68k-apple-macos-gcc   -v -o CMakeFiles/cmTC_d695c.dir/CMakeCCompilerABI.c.obj   -c /usr/local/Cellar/cmake/3.17.0_1/share/cmake/Modules/CMakeCCompilerABI.c
Using built-in specs.
COLLECT_GCC=/Users/g/Documents/retro68/Retro68-build/toolchain/bin/m68k-apple-macos-gcc
Target: m68k-apple-macos
Configured with: /Users/g/Documents/retro68/Retro68/gcc/configure --target=m68k-apple-macos --prefix=/Users/g/Documents/retro68/Retro68-build/toolchain/ --enable-languages=c,c++ --with-arch=m68k --with-cpu=m68000 --disable-libssp MAKEINFO=missing
Thread model: single
gcc version 9.1.0 (GCC) 
COLLECT_GCC_OPTIONS='-v' '-o' 'CMakeFiles/cmTC_d695c.dir/CMakeCCompilerABI.c.obj' '-c' '-mcpu=68000'
 /Users/g/Documents/retro68/Retro68-build/toolchain/libexec/gcc/m68k-apple-macos/9.1.0/cc1 -quiet -v -Wno-trigraphs /usr/local/Cellar/cmake/3.17.0_1/share/cmake/Modules/CMakeCCompilerABI.c -quiet -dumpbase CMakeCCompilerABI.c -mcpu=68000 -auxbase-strip CMakeFiles/cmTC_d695c.dir/CMakeCCompilerABI.c.obj -version -o /var/folders/94/w_bg1s554_l0dm5ss3v4wb3r0000gn/T//cc2BijdI.s
GNU C17 (GCC) version 9.1.0 (m68k-apple-macos)
	compiled by GNU C version 4.2.1 Compatible Apple LLVM 11.0.0 (clang-1100.0.33.17), GMP version 6.2.0, MPFR version 4.0.2, MPC version 1.1.0, isl version none
GGC heuristics: --param ggc-min-expand=100 --param ggc-min-heapsize=131072
ignoring nonexistent directory "/Users/g/Documents/retro68/Retro68-build/toolchain/lib/gcc/m68k-apple-macos/9.1.0/../../../../m68k-apple-macos/sys-include"
#include "..." search starts here:
#include <...> search starts here:
 /Users/g/Documents/retro68/Retro68-build/toolchain/lib/gcc/m68k-apple-macos/9.1.0/include
 /Users/g/Documents/retro68/Retro68-build/toolchain/lib/gcc/m68k-apple-macos/9.1.0/include-fixed
 /Users/g/Documents/retro68/Retro68-build/toolchain/lib/gcc/m68k-apple-macos/9.1.0/../../../../m68k-apple-macos/include
End of search list.
GNU C17 (GCC) version 9.1.0 (m68k-apple-macos)
	compiled by GNU C version 4.2.1 Compatible Apple LLVM 11.0.0 (clang-1100.0.33.17), GMP version 6.2.0, MPFR version 4.0.2, MPC version 1.1.0, isl version none
GGC heuristics: --param ggc-min-expand=100 --param ggc-min-heapsize=131072
Compiler executable checksum: a11840421e7132c5c822f622fb652724
COLLECT_GCC_OPTIONS='-v' '-o' 'CMakeFiles/cmTC_d695c.dir/CMakeCCompilerABI.c.obj' '-c' '-mcpu=68000'
 /Users/g/Documents/retro68/Retro68-build/toolchain/lib/gcc/m68k-apple-macos/9.1.0/../../../../m68k-apple-macos/bin/as -mcpu=68000 -o CMakeFiles/cmTC_d695c.dir/CMakeCCompilerABI.c.obj /var/folders/94/w_bg1s554_l0dm5ss3v4wb3r0000gn/T//cc2BijdI.s
COMPILER_PATH=/Users/g/Documents/retro68/Retro68-build/toolchain/libexec/gcc/m68k-apple-macos/9.1.0/:/Users/g/Documents/retro68/Retro68-build/toolchain/libexec/gcc/m68k-apple-macos/9.1.0/:/Users/g/Documents/retro68/Retro68-build/toolchain/libexec/gcc/m68k-apple-macos/:/Users/g/Documents/retro68/Retro68-build/toolchain/lib/gcc/m68k-apple-macos/9.1.0/:/Users/g/Documents/retro68/Retro68-build/toolchain/lib/gcc/m68k-apple-macos/:/Users/g/Documents/retro68/Retro68-build/toolchain/lib/gcc/m68k-apple-macos/9.1.0/../../../../m68k-apple-macos/bin/
LIBRARY_PATH=/Users/g/Documents/retro68/Retro68-build/toolchain/lib/gcc/m68k-apple-macos/9.1.0/:/Users/g/Documents/retro68/Retro68-build/toolchain/lib/gcc/m68k-apple-macos/9.1.0/../../../../m68k-apple-macos/lib/
COLLECT_GCC_OPTIONS='-v' '-o' 'CMakeFiles/cmTC_d695c.dir/CMakeCCompilerABI.c.obj' '-c' '-mcpu=68000'
Linking C executable cmTC_d695c
/usr/local/Cellar/cmake/3.17.0_1/bin/cmake -E cmake_link_script CMakeFiles/cmTC_d695c.dir/link.txt --verbose=1
/Users/g/Documents/retro68/Retro68-build/toolchain/bin/m68k-apple-macos-gcc     -v CMakeFiles/cmTC_d695c.dir/CMakeCCompilerABI.c.obj  -o cmTC_d695c 
Using built-in specs.
COLLECT_GCC=/Users/g/Documents/retro68/Retro68-build/toolchain/bin/m68k-apple-macos-gcc
COLLECT_LTO_WRAPPER=/Users/g/Documents/retro68/Retro68-build/toolchain/libexec/gcc/m68k-apple-macos/9.1.0/lto-wrapper
Target: m68k-apple-macos
Configured with: /Users/g/Documents/retro68/Retro68/gcc/configure --target=m68k-apple-macos --prefix=/Users/g/Documents/retro68/Retro68-build/toolchain/ --enable-languages=c,c++ --with-arch=m68k --with-cpu=m68000 --disable-libssp MAKEINFO=missing
Thread model: single
gcc version 9.1.0 (GCC) 
COMPILER_PATH=/Users/g/Documents/retro68/Retro68-build/toolchain/libexec/gcc/m68k-apple-macos/9.1.0/:/Users/g/Documents/retro68/Retro68-build/toolchain/libexec/gcc/m68k-apple-macos/9.1.0/:/Users/g/Documents/retro68/Retro68-build/toolchain/libexec/gcc/m68k-apple-macos/:/Users/g/Documents/retro68/Retro68-build/toolchain/lib/gcc/m68k-apple-macos/9.1.0/:/Users/g/Documents/retro68/Retro68-build/toolchain/lib/gcc/m68k-apple-macos/:/Users/g/Documents/retro68/Retro68-build/toolchain/lib/gcc/m68k-apple-macos/9.1.0/../../../../m68k-apple-macos/bin/
LIBRARY_PATH=/Users/g/Documents/retro68/Retro68-build/toolchain/lib/gcc/m68k-apple-macos/9.1.0/:/Users/g/Documents/retro68/Retro68-build/toolchain/lib/gcc/m68k-apple-macos/9.1.0/../../../../m68k-apple-macos/lib/
COLLECT_GCC_OPTIONS='-v' '-o' 'cmTC_d695c' '-mcpu=68000'
 /Users/g/Documents/retro68/Retro68-build/toolchain/libexec/gcc/m68k-apple-macos/9.1.0/collect2 -plugin /Users/g/Documents/retro68/Retro68-build/toolchain/libexec/gcc/m68k-apple-macos/9.1.0/liblto_plugin.so -plugin-opt=/Users/g/Documents/retro68/Retro68-build/toolchain/libexec/gcc/m68k-apple-macos/9.1.0/lto-wrapper -plugin-opt=-fresolution=/var/folders/94/w_bg1s554_l0dm5ss3v4wb3r0000gn/T//ccQ16VK9.res -plugin-opt=-pass-through=-lgcc -plugin-opt=-pass-through=-lc -plugin-opt=-pass-through=-lretrocrt -plugin-opt=-pass-through=-lInterface -elf2mac -q -undefined=_consolewrite -o cmTC_d695c -L/Users/g/Documents/retro68/Retro68-build/toolchain/lib/gcc/m68k-apple-macos/9.1.0 -L/Users/g/Documents/retro68/Retro68-build/toolchain/lib/gcc/m68k-apple-macos/9.1.0/../../../../m68k-apple-macos/lib CMakeFiles/cmTC_d695c.dir/CMakeCCompilerABI.c.obj --start-group -lgcc -lc -lretrocrt -lInterface --end-group
COLLECT_GCC_OPTIONS='-v' '-o' 'cmTC_d695c' '-mcpu=68000'



Parsed C implicit include dir info from above output: rv=done
  found start of include info
  found start of implicit include info
    add: [/Users/g/Documents/retro68/Retro68-build/toolchain/lib/gcc/m68k-apple-macos/9.1.0/include]
    add: [/Users/g/Documents/retro68/Retro68-build/toolchain/lib/gcc/m68k-apple-macos/9.1.0/include-fixed]
    add: [/Users/g/Documents/retro68/Retro68-build/toolchain/lib/gcc/m68k-apple-macos/9.1.0/../../../../m68k-apple-macos/include]
  end of search list found
  collapse include dir [/Users/g/Documents/retro68/Retro68-build/toolchain/lib/gcc/m68k-apple-macos/9.1.0/include] ==> [/Users/g/Documents/retro68/Retro68-build/toolchain/lib/gcc/m68k-apple-macos/9.1.0/include]
  collapse include dir [/Users/g/Documents/retro68/Retro68-build/toolchain/lib/gcc/m68k-apple-macos/9.1.0/include-fixed] ==> [/Users/g/Documents/retro68/Retro68-build/toolchain/lib/gcc/m68k-apple-macos/9.1.0/include-fixed]
  collapse include dir [/Users/g/Documents/retro68/Retro68-build/toolchain/lib/gcc/m68k-apple-macos/9.1.0/../../../../m68k-apple-macos/include] ==> [/Users/g/Documents/retro68/Retro68-build/toolchain/m68k-apple-macos/include]
  implicit include dirs: [/Users/g/Documents/retro68/Retro68-build/toolchain/lib/gcc/m68k-apple-macos/9.1.0/include;/Users/g/Documents/retro68/Retro68-build/toolchain/lib/gcc/m68k-apple-macos/9.1.0/include-fixed;/Users/g/Documents/retro68/Retro68-build/toolchain/m68k-apple-macos/include]


Parsed C implicit link information from above output:
  link line regex: [^( *|.*[/\])(m68k-apple-macos-ld|CMAKE_LINK_STARTFILE-NOTFOUND|([^/\]+-)?ld|collect2)[^/\]*( |$)]
  ignore line: [Change Dir: /Users/g/Documents/retro68/Retro68/Samples/lua-mac68k/build/CMakeFiles/CMakeTmp]
  ignore line: []
  ignore line: [Run Build Command(s):/usr/bin/make cmTC_d695c/fast && /Applications/Xcode.app/Contents/Developer/usr/bin/make -f CMakeFiles/cmTC_d695c.dir/build.make CMakeFiles/cmTC_d695c.dir/build]
  ignore line: [Building C object CMakeFiles/cmTC_d695c.dir/CMakeCCompilerABI.c.obj]
  ignore line: [/Users/g/Documents/retro68/Retro68-build/toolchain/bin/m68k-apple-macos-gcc   -v -o CMakeFiles/cmTC_d695c.dir/CMakeCCompilerABI.c.obj   -c /usr/local/Cellar/cmake/3.17.0_1/share/cmake/Modules/CMakeCCompilerABI.c]
  ignore line: [Using built-in specs.]
  ignore line: [COLLECT_GCC=/Users/g/Documents/retro68/Retro68-build/toolchain/bin/m68k-apple-macos-gcc]
  ignore line: [Target: m68k-apple-macos]
  ignore line: [Configured with: /Users/g/Documents/retro68/Retro68/gcc/configure --target=m68k-apple-macos --prefix=/Users/g/Documents/retro68/Retro68-build/toolchain/ --enable-languages=c c++ --with-arch=m68k --with-cpu=m68000 --disable-libssp MAKEINFO=missing]
  ignore line: [Thread model: single]
  ignore line: [gcc version 9.1.0 (GCC) ]
  ignore line: [COLLECT_GCC_OPTIONS='-v' '-o' 'CMakeFiles/cmTC_d695c.dir/CMakeCCompilerABI.c.obj' '-c' '-mcpu=68000']
  ignore line: [ /Users/g/Documents/retro68/Retro68-build/toolchain/libexec/gcc/m68k-apple-macos/9.1.0/cc1 -quiet -v -Wno-trigraphs /usr/local/Cellar/cmake/3.17.0_1/share/cmake/Modules/CMakeCCompilerABI.c -quiet -dumpbase CMakeCCompilerABI.c -mcpu=68000 -auxbase-strip CMakeFiles/cmTC_d695c.dir/CMakeCCompilerABI.c.obj -version -o /var/folders/94/w_bg1s554_l0dm5ss3v4wb3r0000gn/T//cc2BijdI.s]
  ignore line: [GNU C17 (GCC) version 9.1.0 (m68k-apple-macos)]
  ignore line: [	compiled by GNU C version 4.2.1 Compatible Apple LLVM 11.0.0 (clang-1100.0.33.17)  GMP version 6.2.0  MPFR version 4.0.2  MPC version 1.1.0  isl version none]
  ignore line: [GGC heuristics: --param ggc-min-expand=100 --param ggc-min-heapsize=131072]
  ignore line: [ignoring nonexistent directory "/Users/g/Documents/retro68/Retro68-build/toolchain/lib/gcc/m68k-apple-macos/9.1.0/../../../../m68k-apple-macos/sys-include"]
  ignore line: [#include "..." search starts here:]
  ignore line: [#include <...> search starts here:]
  ignore line: [ /Users/g/Documents/retro68/Retro68-build/toolchain/lib/gcc/m68k-apple-macos/9.1.0/include]
  ignore line: [ /Users/g/Documents/retro68/Retro68-build/toolchain/lib/gcc/m68k-apple-macos/9.1.0/include-fixed]
  ignore line: [ /Users/g/Documents/retro68/Retro68-build/toolchain/lib/gcc/m68k-apple-macos/9.1.0/../../../../m68k-apple-macos/include]
  ignore line: [End of search list.]
  ignore line: [GNU C17 (GCC) version 9.1.0 (m68k-apple-macos)]
  ignore line: [	compiled by GNU C version 4.2.1 Compatible Apple LLVM 11.0.0 (clang-1100.0.33.17)  GMP version 6.2.0  MPFR version 4.0.2  MPC version 1.1.0  isl version none]
  ignore line: [GGC heuristics: --param ggc-min-expand=100 --param ggc-min-heapsize=131072]
  ignore line: [Compiler executable checksum: a11840421e7132c5c822f622fb652724]
  ignore line: [COLLECT_GCC_OPTIONS='-v' '-o' 'CMakeFiles/cmTC_d695c.dir/CMakeCCompilerABI.c.obj' '-c' '-mcpu=68000']
  ignore line: [ /Users/g/Documents/retro68/Retro68-build/toolchain/lib/gcc/m68k-apple-macos/9.1.0/../../../../m68k-apple-macos/bin/as -mcpu=68000 -o CMakeFiles/cmTC_d695c.dir/CMakeCCompilerABI.c.obj /var/folders/94/w_bg1s554_l0dm5ss3v4wb3r0000gn/T//cc2BijdI.s]
  ignore line: [COMPILER_PATH=/Users/g/Documents/retro68/Retro68-build/toolchain/libexec/gcc/m68k-apple-macos/9.1.0/:/Users/g/Documents/retro68/Retro68-build/toolchain/libexec/gcc/m68k-apple-macos/9.1.0/:/Users/g/Documents/retro68/Retro68-build/toolchain/libexec/gcc/m68k-apple-macos/:/Users/g/Documents/retro68/Retro68-build/toolchain/lib/gcc/m68k-apple-macos/9.1.0/:/Users/g/Documents/retro68/Retro68-build/toolchain/lib/gcc/m68k-apple-macos/:/Users/g/Documents/retro68/Retro68-build/toolchain/lib/gcc/m68k-apple-macos/9.1.0/../../../../m68k-apple-macos/bin/]
  ignore line: [LIBRARY_PATH=/Users/g/Documents/retro68/Retro68-build/toolchain/lib/gcc/m68k-apple-macos/9.1.0/:/Users/g/Documents/retro68/Retro68-build/toolchain/lib/gcc/m68k-apple-macos/9.1.0/../../../../m68k-apple-macos/lib/]
  ignore line: [COLLECT_GCC_OPTIONS='-v' '-o' 'CMakeFiles/cmTC_d695c.dir/CMakeCCompilerABI.c.obj' '-c' '-mcpu=68000']
  ignore line: [Linking C executable cmTC_d695c]
  ignore line: [/usr/local/Cellar/cmake/3.17.0_1/bin/cmake -E cmake_link_script CMakeFiles/cmTC_d695c.dir/link.txt --verbose=1]
  ignore line: [/Users/g/Documents/retro68/Retro68-build/toolchain/bin/m68k-apple-macos-gcc     -v CMakeFiles/cmTC_d695c.dir/CMakeCCompilerABI.c.obj  -o cmTC_d695c ]
  ignore line: [Using built-in specs.]
  ignore line: [COLLECT_GCC=/Users/g/Documents/retro68/Retro68-build/toolchain/bin/m68k-apple-macos-gcc]
  ignore line: [COLLECT_LTO_WRAPPER=/Users/g/Documents/retro68/Retro68-build/toolchain/libexec/gcc/m68k-apple-macos/9.1.0/lto-wrapper]
  ignore line: [Target: m68k-apple-macos]
  ignore line: [Configured with: /Users/g/Documents/retro68/Retro68/gcc/configure --target=m68k-apple-macos --prefix=/Users/g/Documents/retro68/Retro68-build/toolchain/ --enable-languages=c c++ --with-arch=m68k --with-cpu=m68000 --disable-libssp MAKEINFO=missing]
  ignore line: [Thread model: single]
  ignore line: [gcc version 9.1.0 (GCC) ]
  ignore line: [COMPILER_PATH=/Users/g/Documents/retro68/Retro68-build/toolchain/libexec/gcc/m68k-apple-macos/9.1.0/:/Users/g/Documents/retro68/Retro68-build/toolchain/libexec/gcc/m68k-apple-macos/9.1.0/:/Users/g/Documents/retro68/Retro68-build/toolchain/libexec/gcc/m68k-apple-macos/:/Users/g/Documents/retro68/Retro68-build/toolchain/lib/gcc/m68k-apple-macos/9.1.0/:/Users/g/Documents/retro68/Retro68-build/toolchain/lib/gcc/m68k-apple-macos/:/Users/g/Documents/retro68/Retro68-build/toolchain/lib/gcc/m68k-apple-macos/9.1.0/../../../../m68k-apple-macos/bin/]
  ignore line: [LIBRARY_PATH=/Users/g/Documents/retro68/Retro68-build/toolchain/lib/gcc/m68k-apple-macos/9.1.0/:/Users/g/Documents/retro68/Retro68-build/toolchain/lib/gcc/m68k-apple-macos/9.1.0/../../../../m68k-apple-macos/lib/]
  ignore line: [COLLECT_GCC_OPTIONS='-v' '-o' 'cmTC_d695c' '-mcpu=68000']
  link line: [ /Users/g/Documents/retro68/Retro68-build/toolchain/libexec/gcc/m68k-apple-macos/9.1.0/collect2 -plugin /Users/g/Documents/retro68/Retro68-build/toolchain/libexec/gcc/m68k-apple-macos/9.1.0/liblto_plugin.so -plugin-opt=/Users/g/Documents/retro68/Retro68-build/toolchain/libexec/gcc/m68k-apple-macos/9.1.0/lto-wrapper -plugin-opt=-fresolution=/var/folders/94/w_bg1s554_l0dm5ss3v4wb3r0000gn/T//ccQ16VK9.res -plugin-opt=-pass-through=-lgcc -plugin-opt=-pass-through=-lc -plugin-opt=-pass-through=-lretrocrt -plugin-opt=-pass-through=-lInterface -elf2mac -q -undefined=_consolewrite -o cmTC_d695c -L/Users/g/Documents/retro68/Retro68-build/toolchain/lib/gcc/m68k-apple-macos/9.1.0 -L/Users/g/Documents/retro68/Retro68-build/toolchain/lib/gcc/m68k-apple-macos/9.1.0/../../../../m68k-apple-macos/lib CMakeFiles/cmTC_d695c.dir/CMakeCCompilerABI.c.obj --start-group -lgcc -lc -lretrocrt -lInterface --end-group]
    arg [/Users/g/Documents/retro68/Retro68-build/toolchain/libexec/gcc/m68k-apple-macos/9.1.0/collect2] ==> ignore
    arg [-plugin] ==> ignore
    arg [/Users/g/Documents/retro68/Retro68-build/toolchain/libexec/gcc/m68k-apple-macos/9.1.0/liblto_plugin.so] ==> ignore
    arg [-plugin-opt=/Users/g/Documents/retro68/Retro68-build/toolchain/libexec/gcc/m68k-apple-macos/9.1.0/lto-wrapper] ==> ignore
    arg [-plugin-opt=-fresolution=/var/folders/94/w_bg1s554_l0dm5ss3v4wb3r0000gn/T//ccQ16VK9.res] ==> ignore
    arg [-plugin-opt=-pass-through=-lgcc] ==> ignore
    arg [-plugin-opt=-pass-through=-lc] ==> ignore
    arg [-plugin-opt=-pass-through=-lretrocrt] ==> ignore
    arg [-plugin-opt=-pass-through=-lInterface] ==> ignore
    arg [-elf2mac] ==> ignore
    arg [-q] ==> ignore
    arg [-undefined=_consolewrite] ==> ignore
    arg [-o] ==> ignore
    arg [cmTC_d695c] ==> ignore
    arg [-L/Users/g/Documents/retro68/Retro68-build/toolchain/lib/gcc/m68k-apple-macos/9.1.0] ==> dir [/Users/g/Documents/retro68/Retro68-build/toolchain/lib/gcc/m68k-apple-macos/9.1.0]
    arg [-L/Users/g/Documents/retro68/Retro68-build/toolchain/lib/gcc/m68k-apple-macos/9.1.0/../../../../m68k-apple-macos/lib] ==> dir [/Users/g/Documents/retro68/Retro68-build/toolchain/lib/gcc/m68k-apple-macos/9.1.0/../../../../m68k-apple-macos/lib]
    arg [CMakeFiles/cmTC_d695c.dir/CMakeCCompilerABI.c.obj] ==> ignore
    arg [--start-group] ==> ignore
    arg [-lgcc] ==> lib [gcc]
    arg [-lc] ==> lib [c]
    arg [-lretrocrt] ==> lib [retrocrt]
    arg [-lInterface] ==> lib [Interface]
    arg [--end-group] ==> ignore
  collapse library dir [/Users/g/Documents/retro68/Retro68-build/toolchain/lib/gcc/m68k-apple-macos/9.1.0] ==> [/Users/g/Documents/retro68/Retro68-build/toolchain/lib/gcc/m68k-apple-macos/9.1.0]
  collapse library dir [/Users/g/Documents/retro68/Retro68-build/toolchain/lib/gcc/m68k-apple-macos/9.1.0/../../../../m68k-apple-macos/lib] ==> [/Users/g/Documents/retro68/Retro68-build/toolchain/m68k-apple-macos/lib]
  implicit libs: [gcc;c;retrocrt;Interface]
  implicit dirs: [/Users/g/Documents/retro68/Retro68-build/toolchain/lib/gcc/m68k-apple-macos/9.1.0;/Users/g/Documents/retro68/Retro68-build/toolchain/m68k-apple-macos/lib]
  implicit fwks: []


Determining if the CXX compiler works passed with the following output:
Change Dir: /Users/g/Documents/retro68/Retro68/Samples/lua-mac68k/build/CMakeFiles/CMakeTmp

Run Build Command(s):/usr/bin/make cmTC_7b9bd/fast && /Applications/Xcode.app/Contents/Developer/usr/bin/make -f CMakeFiles/cmTC_7b9bd.dir/build.make CMakeFiles/cmTC_7b9bd.dir/build
Building CXX object CMakeFiles/cmTC_7b9bd.dir/testCXXCompiler.cxx.obj
/Users/g/Documents/retro68/Retro68-build/toolchain/bin/m68k-apple-macos-g++     -o CMakeFiles/cmTC_7b9bd.dir/testCXXCompiler.cxx.obj -c /Users/g/Documents/retro68/Retro68/Samples/lua-mac68k/build/CMakeFiles/CMakeTmp/testCXXCompiler.cxx
Linking CXX executable cmTC_7b9bd
/usr/local/Cellar/cmake/3.17.0_1/bin/cmake -E cmake_link_script CMakeFiles/cmTC_7b9bd.dir/link.txt --verbose=1
/Users/g/Documents/retro68/Retro68-build/toolchain/bin/m68k-apple-macos-g++       CMakeFiles/cmTC_7b9bd.dir/testCXXCompiler.cxx.obj  -o cmTC_7b9bd 



Detecting CXX compiler ABI info compiled with the following output:
Change Dir: /Users/g/Documents/retro68/Retro68/Samples/lua-mac68k/build/CMakeFiles/CMakeTmp

Run Build Command(s):/usr/bin/make cmTC_da574/fast && /Applications/Xcode.app/Contents/Developer/usr/bin/make -f CMakeFiles/cmTC_da574.dir/build.make CMakeFiles/cmTC_da574.dir/build
Building CXX object CMakeFiles/cmTC_da574.dir/CMakeCXXCompilerABI.cpp.obj
/Users/g/Documents/retro68/Retro68-build/toolchain/bin/m68k-apple-macos-g++    -v -o CMakeFiles/cmTC_da574.dir/CMakeCXXCompilerABI.cpp.obj -c /usr/local/Cellar/cmake/3.17.0_1/share/cmake/Modules/CMakeCXXCompilerABI.cpp
Using built-in specs.
COLLECT_GCC=/Users/g/Documents/retro68/Retro68-build/toolchain/bin/m68k-apple-macos-g++
Target: m68k-apple-macos
Configured with: /Users/g/Documents/retro68/Retro68/gcc/configure --target=m68k-apple-macos --prefix=/Users/g/Documents/retro68/Retro68-build/toolchain/ --enable-languages=c,c++ --with-arch=m68k --with-cpu=m68000 --disable-libssp MAKEINFO=missing
Thread model: single
gcc version 9.1.0 (GCC) 
COLLECT_GCC_OPTIONS='-v' '-o' 'CMakeFiles/cmTC_da574.dir/CMakeCXXCompilerABI.cpp.obj' '-c' '-mcpu=68000'
 /Users/g/Documents/retro68/Retro68-build/toolchain/libexec/gcc/m68k-apple-macos/9.1.0/cc1plus -quiet -v -Wno-trigraphs /usr/local/Cellar/cmake/3.17.0_1/share/cmake/Modules/CMakeCXXCompilerABI.cpp -quiet -dumpbase CMakeCXXCompilerABI.cpp -mcpu=68000 -auxbase-strip CMakeFiles/cmTC_da574.dir/CMakeCXXCompilerABI.cpp.obj -version -o /var/folders/94/w_bg1s554_l0dm5ss3v4wb3r0000gn/T//ccoMgqoQ.s
GNU C++14 (GCC) version 9.1.0 (m68k-apple-macos)
	compiled by GNU C version 4.2.1 Compatible Apple LLVM 11.0.0 (clang-1100.0.33.17), GMP version 6.2.0, MPFR version 4.0.2, MPC version 1.1.0, isl version none
GGC heuristics: --param ggc-min-expand=100 --param ggc-min-heapsize=131072
ignoring nonexistent directory "/Users/g/Documents/retro68/Retro68-build/toolchain/lib/gcc/m68k-apple-macos/9.1.0/../../../../m68k-apple-macos/sys-include"
#include "..." search starts here:
#include <...> search starts here:
 /Users/g/Documents/retro68/Retro68-build/toolchain/lib/gcc/m68k-apple-macos/9.1.0/../../../../m68k-apple-macos/include/c++/9.1.0
 /Users/g/Documents/retro68/Retro68-build/toolchain/lib/gcc/m68k-apple-macos/9.1.0/../../../../m68k-apple-macos/include/c++/9.1.0/m68k-apple-macos
 /Users/g/Documents/retro68/Retro68-build/toolchain/lib/gcc/m68k-apple-macos/9.1.0/../../../../m68k-apple-macos/include/c++/9.1.0/backward
 /Users/g/Documents/retro68/Retro68-build/toolchain/lib/gcc/m68k-apple-macos/9.1.0/include
 /Users/g/Documents/retro68/Retro68-build/toolchain/lib/gcc/m68k-apple-macos/9.1.0/include-fixed
 /Users/g/Documents/retro68/Retro68-build/toolchain/lib/gcc/m68k-apple-macos/9.1.0/../../../../m68k-apple-macos/include
End of search list.
GNU C++14 (GCC) version 9.1.0 (m68k-apple-macos)
	compiled by GNU C version 4.2.1 Compatible Apple LLVM 11.0.0 (clang-1100.0.33.17), GMP version 6.2.0, MPFR version 4.0.2, MPC version 1.1.0, isl version none
GGC heuristics: --param ggc-min-expand=100 --param ggc-min-heapsize=131072
Compiler executable checksum: c416722f4b6c63e6485e5718fbebdb24
COLLECT_GCC_OPTIONS='-v' '-o' 'CMakeFiles/cmTC_da574.dir/CMakeCXXCompilerABI.cpp.obj' '-c' '-mcpu=68000'
 /Users/g/Documents/retro68/Retro68-build/toolchain/lib/gcc/m68k-apple-macos/9.1.0/../../../../m68k-apple-macos/bin/as -mcpu=68000 -o CMakeFiles/cmTC_da574.dir/CMakeCXXCompilerABI.cpp.obj /var/folders/94/w_bg1s554_l0dm5ss3v4wb3r0000gn/T//ccoMgqoQ.s
COMPILER_PATH=/Users/g/Documents/retro68/Retro68-build/toolchain/libexec/gcc/m68k-apple-macos/9.1.0/:/Users/g/Documents/retro68/Retro68-build/toolchain/libexec/gcc/m68k-apple-macos/9.1.0/:/Users/g/Documents/retro68/Retro68-build/toolchain/libexec/gcc/m68k-apple-macos/:/Users/g/Documents/retro68/Retro68-build/toolchain/lib/gcc/m68k-apple-macos/9.1.0/:/Users/g/Documents/retro68/Retro68-build/toolchain/lib/gcc/m68k-apple-macos/:/Users/g/Documents/retro68/Retro68-build/toolchain/lib/gcc/m68k-apple-macos/9.1.0/../../../../m68k-apple-macos/bin/
LIBRARY_PATH=/Users/g/Documents/retro68/Retro68-build/toolchain/lib/gcc/m68k-apple-macos/9.1.0/:/Users/g/Documents/retro68/Retro68-build/toolchain/lib/gcc/m68k-apple-macos/9.1.0/../../../../m68k-apple-macos/lib/
COLLECT_GCC_OPTIONS='-v' '-o' 'CMakeFiles/cmTC_da574.dir/CMakeCXXCompilerABI.cpp.obj' '-c' '-mcpu=68000'
Linking CXX executable cmTC_da574
/usr/local/Cellar/cmake/3.17.0_1/bin/cmake -E cmake_link_script CMakeFiles/cmTC_da574.dir/link.txt --verbose=1
/Users/g/Documents/retro68/Retro68-build/toolchain/bin/m68k-apple-macos-g++      -v CMakeFiles/cmTC_da574.dir/CMakeCXXCompilerABI.cpp.obj  -o cmTC_da574 
Using built-in specs.
COLLECT_GCC=/Users/g/Documents/retro68/Retro68-build/toolchain/bin/m68k-apple-macos-g++
COLLECT_LTO_WRAPPER=/Users/g/Documents/retro68/Retro68-build/toolchain/libexec/gcc/m68k-apple-macos/9.1.0/lto-wrapper
Target: m68k-apple-macos
Configured with: /Users/g/Documents/retro68/Retro68/gcc/configure --target=m68k-apple-macos --prefix=/Users/g/Documents/retro68/Retro68-build/toolchain/ --enable-languages=c,c++ --with-arch=m68k --with-cpu=m68000 --disable-libssp MAKEINFO=missing
Thread model: single
gcc version 9.1.0 (GCC) 
COMPILER_PATH=/Users/g/Documents/retro68/Retro68-build/toolchain/libexec/gcc/m68k-apple-macos/9.1.0/:/Users/g/Documents/retro68/Retro68-build/toolchain/libexec/gcc/m68k-apple-macos/9.1.0/:/Users/g/Documents/retro68/Retro68-build/toolchain/libexec/gcc/m68k-apple-macos/:/Users/g/Documents/retro68/Retro68-build/toolchain/lib/gcc/m68k-apple-macos/9.1.0/:/Users/g/Documents/retro68/Retro68-build/toolchain/lib/gcc/m68k-apple-macos/:/Users/g/Documents/retro68/Retro68-build/toolchain/lib/gcc/m68k-apple-macos/9.1.0/../../../../m68k-apple-macos/bin/
LIBRARY_PATH=/Users/g/Documents/retro68/Retro68-build/toolchain/lib/gcc/m68k-apple-macos/9.1.0/:/Users/g/Documents/retro68/Retro68-build/toolchain/lib/gcc/m68k-apple-macos/9.1.0/../../../../m68k-apple-macos/lib/
COLLECT_GCC_OPTIONS='-v' '-o' 'cmTC_da574' '-mcpu=68000'
 /Users/g/Documents/retro68/Retro68-build/toolchain/libexec/gcc/m68k-apple-macos/9.1.0/collect2 -plugin /Users/g/Documents/retro68/Retro68-build/toolchain/libexec/gcc/m68k-apple-macos/9.1.0/liblto_plugin.so -plugin-opt=/Users/g/Documents/retro68/Retro68-build/toolchain/libexec/gcc/m68k-apple-macos/9.1.0/lto-wrapper -plugin-opt=-fresolution=/var/folders/94/w_bg1s554_l0dm5ss3v4wb3r0000gn/T//ccuEpCay.res -plugin-opt=-pass-through=-lgcc -plugin-opt=-pass-through=-lc -plugin-opt=-pass-through=-lretrocrt -plugin-opt=-pass-through=-lInterface -elf2mac -q -undefined=_consolewrite -o cmTC_da574 -L/Users/g/Documents/retro68/Retro68-build/toolchain/lib/gcc/m68k-apple-macos/9.1.0 -L/Users/g/Documents/retro68/Retro68-build/toolchain/lib/gcc/m68k-apple-macos/9.1.0/../../../../m68k-apple-macos/lib CMakeFiles/cmTC_da574.dir/CMakeCXXCompilerABI.cpp.obj -lstdc++ -lm --start-group -lgcc -lc -lretrocrt -lInterface --end-group
COLLECT_GCC_OPTIONS='-v' '-o' 'cmTC_da574' '-mcpu=68000'



Parsed CXX implicit include dir info from above output: rv=done
  found start of include info
  found start of implicit include info
    add: [/Users/g/Documents/retro68/Retro68-build/toolchain/lib/gcc/m68k-apple-macos/9.1.0/../../../../m68k-apple-macos/include/c++/9.1.0]
    add: [/Users/g/Documents/retro68/Retro68-build/toolchain/lib/gcc/m68k-apple-macos/9.1.0/../../../../m68k-apple-macos/include/c++/9.1.0/m68k-apple-macos]
    add: [/Users/g/Documents/retro68/Retro68-build/toolchain/lib/gcc/m68k-apple-macos/9.1.0/../../../../m68k-apple-macos/include/c++/9.1.0/backward]
    add: [/Users/g/Documents/retro68/Retro68-build/toolchain/lib/gcc/m68k-apple-macos/9.1.0/include]
    add: [/Users/g/Documents/retro68/Retro68-build/toolchain/lib/gcc/m68k-apple-macos/9.1.0/include-fixed]
    add: [/Users/g/Documents/retro68/Retro68-build/toolchain/lib/gcc/m68k-apple-macos/9.1.0/../../../../m68k-apple-macos/include]
  end of search list found
  collapse include dir [/Users/g/Documents/retro68/Retro68-build/toolchain/lib/gcc/m68k-apple-macos/9.1.0/../../../../m68k-apple-macos/include/c++/9.1.0] ==> [/Users/g/Documents/retro68/Retro68-build/toolchain/m68k-apple-macos/include/c++/9.1.0]
  collapse include dir [/Users/g/Documents/retro68/Retro68-build/toolchain/lib/gcc/m68k-apple-macos/9.1.0/../../../../m68k-apple-macos/include/c++/9.1.0/m68k-apple-macos] ==> [/Users/g/Documents/retro68/Retro68-build/toolchain/m68k-apple-macos/include/c++/9.1.0/m68k-apple-macos]
  collapse include dir [/Users/g/Documents/retro68/Retro68-build/toolchain/lib/gcc/m68k-apple-macos/9.1.0/../../../../m68k-apple-macos/include/c++/9.1.0/backward] ==> [/Users/g/Documents/retro68/Retro68-build/toolchain/m68k-apple-macos/include/c++/9.1.0/backward]
  collapse include dir [/Users/g/Documents/retro68/Retro68-build/toolchain/lib/gcc/m68k-apple-macos/9.1.0/include] ==> [/Users/g/Documents/retro68/Retro68-build/toolchain/lib/gcc/m68k-apple-macos/9.1.0/include]
  collapse include dir [/Users/g/Documents/retro68/Retro68-build/toolchain/lib/gcc/m68k-apple-macos/9.1.0/include-fixed] ==> [/Users/g/Documents/retro68/Retro68-build/toolchain/lib/gcc/m68k-apple-macos/9.1.0/include-fixed]
  collapse include dir [/Users/g/Documents/retro68/Retro68-build/toolchain/lib/gcc/m68k-apple-macos/9.1.0/../../../../m68k-apple-macos/include] ==> [/Users/g/Documents/retro68/Retro68-build/toolchain/m68k-apple-macos/include]
  implicit include dirs: [/Users/g/Documents/retro68/Retro68-build/toolchain/m68k-apple-macos/include/c++/9.1.0;/Users/g/Documents/retro68/Retro68-build/toolchain/m68k-apple-macos/include/c++/9.1.0/m68k-apple-macos;/Users/g/Documents/retro68/Retro68-build/toolchain/m68k-apple-macos/include/c++/9.1.0/backward;/Users/g/Documents/retro68/Retro68-build/toolchain/lib/gcc/m68k-apple-macos/9.1.0/include;/Users/g/Documents/retro68/Retro68-build/toolchain/lib/gcc/m68k-apple-macos/9.1.0/include-fixed;/Users/g/Documents/retro68/Retro68-build/toolchain/m68k-apple-macos/include]


Parsed CXX implicit link information from above output:
  link line regex: [^( *|.*[/\])(m68k-apple-macos-ld|CMAKE_LINK_STARTFILE-NOTFOUND|([^/\]+-)?ld|collect2)[^/\]*( |$)]
  ignore line: [Change Dir: /Users/g/Documents/retro68/Retro68/Samples/lua-mac68k/build/CMakeFiles/CMakeTmp]
  ignore line: []
  ignore line: [Run Build Command(s):/usr/bin/make cmTC_da574/fast && /Applications/Xcode.app/Contents/Developer/usr/bin/make -f CMakeFiles/cmTC_da574.dir/build.make CMakeFiles/cmTC_da574.dir/build]
  ignore line: [Building CXX object CMakeFiles/cmTC_da574.dir/CMakeCXXCompilerABI.cpp.obj]
  ignore line: [/Users/g/Documents/retro68/Retro68-build/toolchain/bin/m68k-apple-macos-g++    -v -o CMakeFiles/cmTC_da574.dir/CMakeCXXCompilerABI.cpp.obj -c /usr/local/Cellar/cmake/3.17.0_1/share/cmake/Modules/CMakeCXXCompilerABI.cpp]
  ignore line: [Using built-in specs.]
  ignore line: [COLLECT_GCC=/Users/g/Documents/retro68/Retro68-build/toolchain/bin/m68k-apple-macos-g++]
  ignore line: [Target: m68k-apple-macos]
  ignore line: [Configured with: /Users/g/Documents/retro68/Retro68/gcc/configure --target=m68k-apple-macos --prefix=/Users/g/Documents/retro68/Retro68-build/toolchain/ --enable-languages=c c++ --with-arch=m68k --with-cpu=m68000 --disable-libssp MAKEINFO=missing]
  ignore line: [Thread model: single]
  ignore line: [gcc version 9.1.0 (GCC) ]
  ignore line: [COLLECT_GCC_OPTIONS='-v' '-o' 'CMakeFiles/cmTC_da574.dir/CMakeCXXCompilerABI.cpp.obj' '-c' '-mcpu=68000']
  ignore line: [ /Users/g/Documents/retro68/Retro68-build/toolchain/libexec/gcc/m68k-apple-macos/9.1.0/cc1plus -quiet -v -Wno-trigraphs /usr/local/Cellar/cmake/3.17.0_1/share/cmake/Modules/CMakeCXXCompilerABI.cpp -quiet -dumpbase CMakeCXXCompilerABI.cpp -mcpu=68000 -auxbase-strip CMakeFiles/cmTC_da574.dir/CMakeCXXCompilerABI.cpp.obj -version -o /var/folders/94/w_bg1s554_l0dm5ss3v4wb3r0000gn/T//ccoMgqoQ.s]
  ignore line: [GNU C++14 (GCC) version 9.1.0 (m68k-apple-macos)]
  ignore line: [	compiled by GNU C version 4.2.1 Compatible Apple LLVM 11.0.0 (clang-1100.0.33.17)  GMP version 6.2.0  MPFR version 4.0.2  MPC version 1.1.0  isl version none]
  ignore line: [GGC heuristics: --param ggc-min-expand=100 --param ggc-min-heapsize=131072]
  ignore line: [ignoring nonexistent directory "/Users/g/Documents/retro68/Retro68-build/toolchain/lib/gcc/m68k-apple-macos/9.1.0/../../../../m68k-apple-macos/sys-include"]
  ignore line: [#include "..." search starts here:]
  ignore line: [#include <...> search starts here:]
  ignore line: [ /Users/g/Documents/retro68/Retro68-build/toolchain/lib/gcc/m68k-apple-macos/9.1.0/../../../../m68k-apple-macos/include/c++/9.1.0]
  ignore line: [ /Users/g/Documents/retro68/Retro68-build/toolchain/lib/gcc/m68k-apple-macos/9.1.0/../../../../m68k-apple-macos/include/c++/9.1.0/m68k-apple-macos]
  ignore line: [ /Users/g/Documents/retro68/Retro68-build/toolchain/lib/gcc/m68k-apple-macos/9.1.0/../../../../m68k-apple-macos/include/c++/9.1.0/backward]
  ignore line: [ /Users/g/Documents/retro68/Retro68-build/toolchain/lib/gcc/m68k-apple-macos/9.1.0/include]
  ignore line: [ /Users/g/Documents/retro68/Retro68-build/toolchain/lib/gcc/m68k-apple-macos/9.1.0/include-fixed]
  ignore line: [ /Users/g/Documents/retro68/Retro68-build/toolchain/lib/gcc/m68k-apple-macos/9.1.0/../../../../m68k-apple-macos/include]
  ignore line: [End of search list.]
  ignore line: [GNU C++14 (GCC) version 9.1.0 (m68k-apple-macos)]
  ignore line: [	compiled by GNU C version 4.2.1 Compatible Apple LLVM 11.0.0 (clang-1100.0.33.17)  GMP version 6.2.0  MPFR version 4.0.2  MPC version 1.1.0  isl version none]
  ignore line: [GGC heuristics: --param ggc-min-expand=100 --param ggc-min-heapsize=131072]
  ignore line: [Compiler executable checksum: c416722f4b6c63e6485e5718fbebdb24]
  ignore line: [COLLECT_GCC_OPTIONS='-v' '-o' 'CMakeFiles/cmTC_da574.dir/CMakeCXXCompilerABI.cpp.obj' '-c' '-mcpu=68000']
  ignore line: [ /Users/g/Documents/retro68/Retro68-build/toolchain/lib/gcc/m68k-apple-macos/9.1.0/../../../../m68k-apple-macos/bin/as -mcpu=68000 -o CMakeFiles/cmTC_da574.dir/CMakeCXXCompilerABI.cpp.obj /var/folders/94/w_bg1s554_l0dm5ss3v4wb3r0000gn/T//ccoMgqoQ.s]
  ignore line: [COMPILER_PATH=/Users/g/Documents/retro68/Retro68-build/toolchain/libexec/gcc/m68k-apple-macos/9.1.0/:/Users/g/Documents/retro68/Retro68-build/toolchain/libexec/gcc/m68k-apple-macos/9.1.0/:/Users/g/Documents/retro68/Retro68-build/toolchain/libexec/gcc/m68k-apple-macos/:/Users/g/Documents/retro68/Retro68-build/toolchain/lib/gcc/m68k-apple-macos/9.1.0/:/Users/g/Documents/retro68/Retro68-build/toolchain/lib/gcc/m68k-apple-macos/:/Users/g/Documents/retro68/Retro68-build/toolchain/lib/gcc/m68k-apple-macos/9.1.0/../../../../m68k-apple-macos/bin/]
  ignore line: [LIBRARY_PATH=/Users/g/Documents/retro68/Retro68-build/toolchain/lib/gcc/m68k-apple-macos/9.1.0/:/Users/g/Documents/retro68/Retro68-build/toolchain/lib/gcc/m68k-apple-macos/9.1.0/../../../../m68k-apple-macos/lib/]
  ignore line: [COLLECT_GCC_OPTIONS='-v' '-o' 'CMakeFiles/cmTC_da574.dir/CMakeCXXCompilerABI.cpp.obj' '-c' '-mcpu=68000']
  ignore line: [Linking CXX executable cmTC_da574]
  ignore line: [/usr/local/Cellar/cmake/3.17.0_1/bin/cmake -E cmake_link_script CMakeFiles/cmTC_da574.dir/link.txt --verbose=1]
  ignore line: [/Users/g/Documents/retro68/Retro68-build/toolchain/bin/m68k-apple-macos-g++      -v CMakeFiles/cmTC_da574.dir/CMakeCXXCompilerABI.cpp.obj  -o cmTC_da574 ]
  ignore line: [Using built-in specs.]
  ignore line: [COLLECT_GCC=/Users/g/Documents/retro68/Retro68-build/toolchain/bin/m68k-apple-macos-g++]
  ignore line: [COLLECT_LTO_WRAPPER=/Users/g/Documents/retro68/Retro68-build/toolchain/libexec/gcc/m68k-apple-macos/9.1.0/lto-wrapper]
  ignore line: [Target: m68k-apple-macos]
  ignore line: [Configured with: /Users/g/Documents/retro68/Retro68/gcc/configure --target=m68k-apple-macos --prefix=/Users/g/Documents/retro68/Retro68-build/toolchain/ --enable-languages=c c++ --with-arch=m68k --with-cpu=m68000 --disable-libssp MAKEINFO=missing]
  ignore line: [Thread model: single]
  ignore line: [gcc version 9.1.0 (GCC) ]
  ignore line: [COMPILER_PATH=/Users/g/Documents/retro68/Retro68-build/toolchain/libexec/gcc/m68k-apple-macos/9.1.0/:/Users/g/Documents/retro68/Retro68-build/toolchain/libexec/gcc/m68k-apple-macos/9.1.0/:/Users/g/Documents/retro68/Retro68-build/toolchain/libexec/gcc/m68k-apple-macos/:/Users/g/Documents/retro68/Retro68-build/toolchain/lib/gcc/m68k-apple-macos/9.1.0/:/Users/g/Documents/retro68/Retro68-build/toolchain/lib/gcc/m68k-apple-macos/:/Users/g/Documents/retro68/Retro68-build/toolchain/lib/gcc/m68k-apple-macos/9.1.0/../../../../m68k-apple-macos/bin/]
  ignore line: [LIBRARY_PATH=/Users/g/Documents/retro68/Retro68-build/toolchain/lib/gcc/m68k-apple-macos/9.1.0/:/Users/g/Documents/retro68/Retro68-build/toolchain/lib/gcc/m68k-apple-macos/9.1.0/../../../../m68k-apple-macos/lib/]
  ignore line: [COLLECT_GCC_OPTIONS='-v' '-o' 'cmTC_da574' '-mcpu=68000']
  link line: [ /Users/g/Documents/retro68/Retro68-build/toolchain/libexec/gcc/m68k-apple-macos/9.1.0/collect2 -plugin /Users/g/Documents/retro68/Retro68-build/toolchain/libexec/gcc/m68k-apple-macos/9.1.0/liblto_plugin.so -plugin-opt=/Users/g/Documents/retro68/Retro68-build/toolchain/libexec/gcc/m68k-apple-macos/9.1.0/lto-wrapper -plugin-opt=-fresolution=/var/folders/94/w_bg1s554_l0dm5ss3v4wb3r0000gn/T//ccuEpCay.res -plugin-opt=-pass-through=-lgcc -plugin-opt=-pass-through=-lc -plugin-opt=-pass-through=-lretrocrt -plugin-opt=-pass-through=-lInterface -elf2mac -q -undefined=_consolewrite -o cmTC_da574 -L/Users/g/Documents/retro68/Retro68-build/toolchain/lib/gcc/m68k-apple-macos/9.1.0 -L/Users/g/Documents/retro68/Retro68-build/toolchain/lib/gcc/m68k-apple-macos/9.1.0/../../../../m68k-apple-macos/lib CMakeFiles/cmTC_da574.dir/CMakeCXXCompilerABI.cpp.obj -lstdc++ -lm --start-group -lgcc -lc -lretrocrt -lInterface --end-group]
    arg [/Users/g/Documents/retro68/Retro68-build/toolchain/libexec/gcc/m68k-apple-macos/9.1.0/collect2] ==> ignore
    arg [-plugin] ==> ignore
    arg [/Users/g/Documents/retro68/Retro68-build/toolchain/libexec/gcc/m68k-apple-macos/9.1.0/liblto_plugin.so] ==> ignore
    arg [-plugin-opt=/Users/g/Documents/retro68/Retro68-build/toolchain/libexec/gcc/m68k-apple-macos/9.1.0/lto-wrapper] ==> ignore
    arg [-plugin-opt=-fresolution=/var/folders/94/w_bg1s554_l0dm5ss3v4wb3r0000gn/T//ccuEpCay.res] ==> ignore
    arg [-plugin-opt=-pass-through=-lgcc] ==> ignore
    arg [-plugin-opt=-pass-through=-lc] ==> ignore
    arg [-plugin-opt=-pass-through=-lretrocrt] ==> ignore
    arg [-plugin-opt=-pass-through=-lInterface] ==> ignore
    arg [-elf2mac] ==> ignore
    arg [-q] ==> ignore
    arg [-undefined=_consolewrite] ==> ignore
    arg [-o] ==> ignore
    arg [cmTC_da574] ==> ignore
    arg [-L/Users/g/Documents/retro68/Retro68-build/toolchain/lib/gcc/m68k-apple-macos/9.1.0] ==> dir [/Users/g/Documents/retro68/Retro68-build/toolchain/lib/gcc/m68k-apple-macos/9.1.0]
    arg [-L/Users/g/Documents/retro68/Retro68-build/toolchain/lib/gcc/m68k-apple-macos/9.1.0/../../../../m68k-apple-macos/lib] ==> dir [/Users/g/Documents/retro68/Retro68-build/toolchain/lib/gcc/m68k-apple-macos/9.1.0/../../../../m68k-apple-macos/lib]
    arg [CMakeFiles/cmTC_da574.dir/CMakeCXXCompilerABI.cpp.obj] ==> ignore
    arg [-lstdc++] ==> lib [stdc++]
    arg [-lm] ==> lib [m]
    arg [--start-group] ==> ignore
    arg [-lgcc] ==> lib [gcc]
    arg [-lc] ==> lib [c]
    arg [-lretrocrt] ==> lib [retrocrt]
    arg [-lInterface] ==> lib [Interface]
    arg [--end-group] ==> ignore
  collapse library dir [/Users/g/Documents/retro68/Retro68-build/toolchain/lib/gcc/m68k-apple-macos/9.1.0] ==> [/Users/g/Documents/retro68/Retro68-build/toolchain/lib/gcc/m68k-apple-macos/9.1.0]
  collapse library dir [/Users/g/Documents/retro68/Retro68-build/toolchain/lib/gcc/m68k-apple-macos/9.1.0/../../../../m68k-apple-macos/lib] ==> [/Users/g/Documents/retro68/Retro68-build/toolchain/m68k-apple-macos/lib]
  implicit libs: [stdc++;m;gcc;c;retrocrt;Interface]
  implicit dirs: [/Users/g/Documents/retro68/Retro68-build/toolchain/lib/gcc/m68k-apple-macos/9.1.0;/Users/g/Documents/retro68/Retro68-build/toolchain/m68k-apple-macos/lib]
  implicit fwks: []


